<?xml version="1.0" encoding="UTF-8"?>
<testng-results ignored="0" total="2" passed="1" failed="1" skipped="0">
  <reporter-output>
  </reporter-output>
  <suite started-at="2024-09-11T16:56:45 EEST" name="Default suite" finished-at="2024-09-11T16:56:59 EEST" duration-ms="14077">
    <groups>
    </groups>
    <test started-at="2024-09-11T16:56:45 EEST" name="Default test" finished-at="2024-09-11T16:56:59 EEST" duration-ms="14077">
      <class name="O2morny.O2morny.HomePageTest">
        <test-method is-config="true" signature="initDriver()[pri:0, instance:O2morny.O2morny.HomePageTest@1f9f6368]" started-at="2024-09-11T16:56:16 EEST" name="initDriver" finished-at="2024-09-11T16:56:45 EEST" duration-ms="28710" status="PASS">
          <reporter-output>
          </reporter-output>
        </test-method> <!-- initDriver -->
        <test-method signature="SelectFregrance()[pri:0, instance:O2morny.O2morny.HomePageTest@1f9f6368]" started-at="2024-09-11T16:56:45 EEST" name="SelectFregrance" finished-at="2024-09-11T16:56:59 EEST" duration-ms="13605" status="PASS">
          <reporter-output>
          </reporter-output>
        </test-method> <!-- SelectFregrance -->
        <test-method signature="getPrice()[pri:0, instance:O2morny.O2morny.HomePageTest@1f9f6368]" started-at="2024-09-11T16:56:59 EEST" name="getPrice" finished-at="2024-09-11T16:56:59 EEST" duration-ms="88" status="FAIL">
          <exception class="java.lang.NumberFormatException">
            <message>
              <![CDATA[For input string: "EGP 2,450.00"]]>
            </message>
            <full-stacktrace>
              <![CDATA[java.lang.NumberFormatException: For input string: "EGP 2,450.00"
at java.base/java.lang.NumberFormatException.forInputString(NumberFormatException.java:67)
at java.base/java.lang.Integer.parseInt(Integer.java:662)
at java.base/java.lang.Integer.parseInt(Integer.java:778)
at O2morny.O2morny.WomenFregrancesPage.AddProducts(WomenFregrancesPage.java:27)
at O2morny.O2morny.HomePageTest.getPrice(HomePageTest.java:32)
at java.base/jdk.internal.reflect.DirectMethodHandleAccessor.invoke(DirectMethodHandleAccessor.java:103)
at java.base/java.lang.reflect.Method.invoke(Method.java:580)
at org.testng.internal.invokers.MethodInvocationHelper.invokeMethod(MethodInvocationHelper.java:141)
at org.testng.internal.invokers.TestInvoker.invokeMethod(TestInvoker.java:686)
at org.testng.internal.invokers.TestInvoker.invokeTestMethod(TestInvoker.java:230)
at org.testng.internal.invokers.MethodRunner.runInSequence(MethodRunner.java:63)
at org.testng.internal.invokers.TestInvoker$MethodInvocationAgent.invoke(TestInvoker.java:992)
at org.testng.internal.invokers.TestInvoker.invokeTestMethods(TestInvoker.java:203)
at org.testng.internal.invokers.TestMethodWorker.invokeTestMethods(TestMethodWorker.java:154)
at org.testng.internal.invokers.TestMethodWorker.run(TestMethodWorker.java:134)
at java.base/java.util.ArrayList.forEach(ArrayList.java:1596)
at org.testng.TestRunner.privateRun(TestRunner.java:739)
at org.testng.TestRunner.run(TestRunner.java:614)
at org.testng.SuiteRunner.runTest(SuiteRunner.java:421)
at org.testng.SuiteRunner.runSequentially(SuiteRunner.java:413)
at org.testng.SuiteRunner.privateRun(SuiteRunner.java:373)
at org.testng.SuiteRunner.run(SuiteRunner.java:312)
at org.testng.SuiteRunnerWorker.runSuite(SuiteRunnerWorker.java:52)
at org.testng.SuiteRunnerWorker.run(SuiteRunnerWorker.java:95)
at org.testng.TestNG.runSuitesSequentially(TestNG.java:1274)
at org.testng.TestNG.runSuitesLocally(TestNG.java:1208)
at org.testng.TestNG.runSuites(TestNG.java:1112)
at org.testng.TestNG.run(TestNG.java:1079)
at org.testng.remote.AbstractRemoteTestNG.run(AbstractRemoteTestNG.java:115)
at org.testng.remote.RemoteTestNG.initAndRun(RemoteTestNG.java:293)
at org.testng.remote.RemoteTestNG.main(RemoteTestNG.java:91)
]]>
            </full-stacktrace>
          </exception> <!-- java.lang.NumberFormatException -->
          <reporter-output>
          </reporter-output>
        </test-method> <!-- getPrice -->
        <test-method is-config="true" signature="quitDriver()[pri:0, instance:O2morny.O2morny.HomePageTest@1f9f6368]" started-at="2024-09-11T16:57:00 EEST" name="quitDriver" finished-at="2024-09-11T16:57:02 EEST" duration-ms="1919" status="PASS">
          <reporter-output>
          </reporter-output>
        </test-method> <!-- quitDriver -->
      </class> <!-- O2morny.O2morny.HomePageTest -->
    </test> <!-- Default test -->
  </suite> <!-- Default suite -->
</testng-results>
